<?xml version="1.0" encoding="UTF-8"?><testsuite errors="1" failures="0" name="Agregar productos al carro de compras" skipped="0" tests="1" time="33.79" timestamp="2023-12-01 12:54:00"><testcase name="Agregar productos al carro de compras"><error message="invalid selector: Unable to locate an element with the xpath expression //ul[@class='products columns-3'])[1]//li//img//ancestor::a because of the following error:&#10;SyntaxError: Failed to execute 'evaluate' on 'Document': The string '//ul[@class='products columns-3'])[1]//li//img//ancestor::a' is not a valid XPath expression.&#10;  (Session info: chrome=119.0.6045.200)&#10;For documentation on this error, please visit: https://www.seleniumhq.org/exceptions/invalid_selector_exception.html&#10;Build info: version: '3.141.59', revision: 'e82be7d358', time: '2018-11-14T08:17:03'&#10;System info: host: 'DESKTOP-1C7OJI0', ip: '192.168.227.1', os.name: 'Windows 10', os.arch: 'amd64', os.version: '10.0', java.version: '11.0.19'&#10;Driver info: org.openqa.selenium.chrome.ChromeDriver&#10;Capabilities {acceptInsecureCerts: false, browserName: chrome, browserVersion: 119.0.6045.200, chrome: {chromedriverVersion: 119.0.6045.105 (38c72552c5e..., userDataDir: C:\Users\usuario\AppData\Lo...}, fedcm:accounts: true, goog:chromeOptions: {debuggerAddress: localhost:59464}, javascriptEnabled: true, networkConnectionEnabled: false, pageLoadStrategy: normal, platform: WINDOWS, platformName: WINDOWS, proxy: Proxy(), setWindowRect: true, strictFileInteractability: false, timeouts: {implicit: 0, pageLoad: 300000, script: 30000}, unhandledPromptBehavior: dismiss and notify, webauthn:extension:credBlob: true, webauthn:extension:largeBlob: true, webauthn:extension:minPinLength: true, webauthn:extension:prf: true, webauthn:virtualAuthenticators: true}&#10;Session ID: 3a23dd34cd18da3feb9d77ef5a06bdba&#10;*** Element info: {Using=xpath, value=//ul[@class='products columns-3'])[1]//li//img//ancestor::a}&#10;For documentation on this error, please visit: https://www.seleniumhq.org/exceptions/invalid_selector_exception.html&#10;Build info: version: '3.141.59', revision: 'e82be7d358', time: '2018-11-14T08:17:03'&#10;System info: host: 'DESKTOP-1C7OJI0', ip: '192.168.227.1', os.name: 'Windows 10', os.arch: 'amd64', os.version: '10.0', java.version: '11.0.19'&#10;Driver info: driver.version: unknown" type="org.openqa.selenium.InvalidSelectorException">invalid selector: Unable to locate an element with the xpath expression //ul[@class='products columns-3'])[1]//li//img//ancestor::a because of the following error:
SyntaxError: Failed to execute 'evaluate' on 'Document': The string '//ul[@class='products columns-3'])[1]//li//img//ancestor::a' is not a valid XPath expression.
  (Session info: chrome=119.0.6045.200)
For documentation on this error, please visit: https://www.seleniumhq.org/exceptions/invalid_selector_exception.html
Build info: version: '3.141.59', revision: 'e82be7d358', time: '2018-11-14T08:17:03'
System info: host: 'DESKTOP-1C7OJI0', ip: '192.168.227.1', os.name: 'Windows 10', os.arch: 'amd64', os.version: '10.0', java.version: '11.0.19'
Driver info: org.openqa.selenium.chrome.ChromeDriver
Capabilities {acceptInsecureCerts: false, browserName: chrome, browserVersion: 119.0.6045.200, chrome: {chromedriverVersion: 119.0.6045.105 (38c72552c5e..., userDataDir: C:\Users\usuario\AppData\Lo...}, fedcm:accounts: true, goog:chromeOptions: {debuggerAddress: localhost:59464}, javascriptEnabled: true, networkConnectionEnabled: false, pageLoadStrategy: normal, platform: WINDOWS, platformName: WINDOWS, proxy: Proxy(), setWindowRect: true, strictFileInteractability: false, timeouts: {implicit: 0, pageLoad: 300000, script: 30000}, unhandledPromptBehavior: dismiss and notify, webauthn:extension:credBlob: true, webauthn:extension:largeBlob: true, webauthn:extension:minPinLength: true, webauthn:extension:prf: true, webauthn:virtualAuthenticators: true}
Session ID: 3a23dd34cd18da3feb9d77ef5a06bdba
*** Element info: {Using=xpath, value=//ul[@class='products columns-3'])[1]//li//img//ancestor::a}
For documentation on this error, please visit: https://www.seleniumhq.org/exceptions/invalid_selector_exception.html
Build info: version: '3.141.59', revision: 'e82be7d358', time: '2018-11-14T08:17:03'
System info: host: 'DESKTOP-1C7OJI0', ip: '192.168.227.1', os.name: 'Windows 10', os.arch: 'amd64', os.version: '10.0', java.version: '11.0.19'
Driver info: driver.version: unknown</error><system-err>invalid selector: Unable to locate an element with the xpath expression //ul[@class='products columns-3'])[1]//li//img//ancestor::a because of the following error:
SyntaxError: Failed to execute 'evaluate' on 'Document': The string '//ul[@class='products columns-3'])[1]//li//img//ancestor::a' is not a valid XPath expression.
  (Session info: chrome=119.0.6045.200)
For documentation on this error, please visit: https://www.seleniumhq.org/exceptions/invalid_selector_exception.html
Build info: version: '3.141.59', revision: 'e82be7d358', time: '2018-11-14T08:17:03'
System info: host: 'DESKTOP-1C7OJI0', ip: '192.168.227.1', os.name: 'Windows 10', os.arch: 'amd64', os.version: '10.0', java.version: '11.0.19'
Driver info: org.openqa.selenium.chrome.ChromeDriver
Capabilities {acceptInsecureCerts: false, browserName: chrome, browserVersion: 119.0.6045.200, chrome: {chromedriverVersion: 119.0.6045.105 (38c72552c5e..., userDataDir: C:\Users\usuario\AppData\Lo...}, fedcm:accounts: true, goog:chromeOptions: {debuggerAddress: localhost:59464}, javascriptEnabled: true, networkConnectionEnabled: false, pageLoadStrategy: normal, platform: WINDOWS, platformName: WINDOWS, proxy: Proxy(), setWindowRect: true, strictFileInteractability: false, timeouts: {implicit: 0, pageLoad: 300000, script: 30000}, unhandledPromptBehavior: dismiss and notify, webauthn:extension:credBlob: true, webauthn:extension:largeBlob: true, webauthn:extension:minPinLength: true, webauthn:extension:prf: true, webauthn:virtualAuthenticators: true}
Session ID: 3a23dd34cd18da3feb9d77ef5a06bdba
*** Element info: {Using=xpath, value=//ul[@class='products columns-3'])[1]//li//img//ancestor::a}
For documentation on this error, please visit: https://www.seleniumhq.org/exceptions/invalid_selector_exception.html
Build info: version: '3.141.59', revision: 'e82be7d358', time: '2018-11-14T08:17:03'
System info: host: 'DESKTOP-1C7OJI0', ip: '192.168.227.1', os.name: 'Windows 10', os.arch: 'amd64', os.version: '10.0', java.version: '11.0.19'
Driver info: driver.version: unknown&#13;
co.sanangel.com.steps.InicioSteps.SeleccionarProducto1(InicioSteps.java:21)&#13;
co.sanangel.com.stepDefinitions.AgregarProductosStepDefinitions.busqueLosProductosDeSuPreferencia(AgregarProductosStepDefinitions.java:22)&#13;
✽.Busque los productos de su preferencia(src/test/resources/features/AgregarProductos.feature:9)&#13;
</system-err></testcase></testsuite>